=== Suite started at 2020-12-03 11:28:44
=== Starting test, 4 test cases
=cases         4
=user          ner
=host          ner-MS-7B86
=hosts         ner-MS-7B86 
=emulator_vsn  9.3.3.15
=emulator      beam
=otp_release   20
=started       2020-12-03 11:28:44
=case          ct_framework:init_per_suite
=logfile       ct_framework.init_per_suite.html
=group_props   [{suite,cache_server_SUITE}]
=started       2020-12-03 11:28:44
=ended         2020-12-03 11:28:44
=result        ok
=elapsed       0.0
=case          ct_framework:init_per_group
=logfile       ct_framework.init_per_group.html
=group_props   [{suite,cache_server_SUITE},{name,test},sequence]
=started       2020-12-03 11:28:44
=ended         2020-12-03 11:28:44
=result        ok
=elapsed       0.005276
=case          cache_server_SUITE:start
=logfile       cache_server_suite.start.html
=started       2020-12-03 11:28:44
=ended         2020-12-03 11:28:44
=result        ok
=elapsed       9.92e-4
=case          cache_server_SUITE:insert
=logfile       cache_server_suite.insert.html
=started       2020-12-03 11:28:44
=ended         2020-12-03 11:28:44
=result        ok
=elapsed       5.5e-5
=case          cache_server_SUITE:lookup
=logfile       cache_server_suite.lookup.html
=started       2020-12-03 11:28:44
=ended         2020-12-03 11:28:44
=result        ok
=elapsed       2.49e-4
=case          cache_server_SUITE:lookup_by_date
=logfile       cache_server_suite.lookup_by_date.html
=started       2020-12-03 11:28:44
=ended         2020-12-03 11:28:44
=result        failed: {{badmatch,{ok,[valye3,value2,value1]}},
                        [{cache_server_SUITE,lookup_by_date,1,
                             [{file,"test/cache_server_SUITE.erl"},{line,44}]},
                         {test_server,ts_tc,3,
                             [{file,"test_server.erl"},{line,1755}]},
                         {test_server,run_test_case_eval1,6,
                             [{file,"test_server.erl"},{line,1262}]},
                         {test_server,run_test_case_eval,9,
                             [{file,"test_server.erl"},{line,1194}]}]}, [{cache_server_SUITE,
                                                                          lookup_by_date,
                                                                          44},
                                                                         {test_server,
                                                                          ts_tc,
                                                                          1755},
                                                                         {test_server,
                                                                          run_test_case_eval1,
                                                                          1262},
                                                                         {test_server,
                                                                          run_test_case_eval,
                                                                          1194}]
=== *** FAILED test case 4 of 4 ***
=case          ct_framework:end_per_group
=logfile       ct_framework.end_per_group.html
=group_props   [{suite,cache_server_SUITE},{name,test},sequence]
=started       2020-12-03 11:28:44
=ended         2020-12-03 11:28:44
=result        ok
=elapsed       4.3e-5
=group_time    0.171s
=case          ct_framework:end_per_suite
=logfile       ct_framework.end_per_suite.html
=group_props   [{suite,cache_server_SUITE}]
=started       2020-12-03 11:28:44
=ended         2020-12-03 11:28:44
=result        ok
=elapsed       1.0e-6
=group_time    0.229s
=== TEST COMPLETE, 3 ok, 1 failed of 4 test cases

=finished      2020-12-03 11:28:44
=failed        1
=successful    3
=user_skipped  0
=auto_skipped  0
