=== Suite started at 2020-12-03 11:06:21
=== Starting test, 4 test cases
=cases         4
=user          ner
=host          ner-MS-7B86
=hosts         ner-MS-7B86 
=emulator_vsn  9.3.3.15
=emulator      beam
=otp_release   20
=started       2020-12-03 11:06:21
=case          ct_framework:init_per_suite
=logfile       ct_framework.init_per_suite.html
=group_props   [{suite,cache_server_SUITE}]
=started       2020-12-03 11:06:21
=ended         2020-12-03 11:06:22
=result        ok
=elapsed       0.0
=case          ct_framework:init_per_group
=logfile       ct_framework.init_per_group.html
=group_props   [{suite,cache_server_SUITE},{name,test},sequence]
=started       2020-12-03 11:06:22
=ended         2020-12-03 11:06:22
=result        ok
=elapsed       0.003884
=case          cache_server_SUITE:start
=logfile       cache_server_suite.start.html
=started       2020-12-03 11:06:22
=ended         2020-12-03 11:06:22
=result        ok
=elapsed       0.001079
=case          cache_server_SUITE:insert
=logfile       cache_server_suite.insert.html
=started       2020-12-03 11:06:22
=ended         2020-12-03 11:06:22
=result        failed: {noproc,
                           {gen_server,call,
                               [cache_server,{insert,key1,value1,60}]}}, [{gen_server,
                                                                           call,
                                                                           206},
                                                                          {cache_server_SUITE,
                                                                           insert,
                                                                           23},
                                                                          {test_server,
                                                                           ts_tc,
                                                                           1755},
                                                                          {test_server,
                                                                           run_test_case_eval1,
                                                                           1262},
                                                                          {test_server,
                                                                           run_test_case_eval,
                                                                           1194}]
=== *** FAILED test case 2 of 4 ***
=== 
=case          cache_server_SUITE:lookup
=group_props   [{name,"test"}]
=started       2020-12-03 11:06:22
=result        auto_skipped: {failed,{cache_server_SUITE,insert}}
=== *** Skipping test case #3 {cache_server_SUITE,lookup} ***
=== 
=case          cache_server_SUITE:lookup_by_date
=group_props   [{name,"test"}]
=started       2020-12-03 11:06:22
=result        auto_skipped: {failed,{cache_server_SUITE,insert}}
=== *** Skipping test case #4 {cache_server_SUITE,lookup_by_date} ***
=case          ct_framework:end_per_group
=logfile       ct_framework.end_per_group.html
=group_props   [{suite,cache_server_SUITE},{name,test},sequence]
=started       2020-12-03 11:06:22
=ended         2020-12-03 11:06:22
=result        ok
=elapsed       3.8e-5
=group_time    0.107s
=case          ct_framework:end_per_suite
=logfile       ct_framework.end_per_suite.html
=group_props   [{suite,cache_server_SUITE}]
=started       2020-12-03 11:06:22
=ended         2020-12-03 11:06:22
=result        ok
=elapsed       0.0
=group_time    0.165s
=== TEST COMPLETE, 1 ok, 1 failed, 2 skipped of 4 test cases

=finished      2020-12-03 11:06:22
=failed        1
=successful    1
=user_skipped  0
=auto_skipped  2
