=== Suite started at 2020-12-03 10:47:40
=== Starting test, 4 test cases
=cases         4
=user          ner
=host          ner-MS-7B86
=hosts         ner-MS-7B86 
=emulator_vsn  9.3.3.15
=emulator      beam
=otp_release   20
=started       2020-12-03 10:47:40
=case          ct_framework:init_per_suite
=logfile       ct_framework.init_per_suite.html
=group_props   [{suite,cache_server_SUITE}]
=started       2020-12-03 10:47:40
=ended         2020-12-03 10:47:40
=result        ok
=elapsed       0.0
=case          ct_framework:init_per_group
=logfile       ct_framework.init_per_group.html
=group_props   [{suite,cache_server_SUITE},{name,test},sequence]
=started       2020-12-03 10:47:40
=ended         2020-12-03 10:47:40
=result        ok
=elapsed       0.002785
=case          cache_server_SUITE:start
=logfile       cache_server_suite.start.html
=started       2020-12-03 10:47:40
=ended         2020-12-03 10:47:40
=result        auto_skipped: {testcase0_failed,bad_return_value}
=== *** SKIPPED test case 1 of 4 ***
=case          cache_server_SUITE:insert
=logfile       cache_server_suite.insert.html
=started       2020-12-03 10:47:40
=ended         2020-12-03 10:47:40
=result        auto_skipped: {testcase0_failed,bad_return_value}
=== *** SKIPPED test case 2 of 4 ***
=case          cache_server_SUITE:lookup
=logfile       cache_server_suite.lookup.html
=started       2020-12-03 10:47:40
=ended         2020-12-03 10:47:40
=result        auto_skipped: {testcase0_failed,bad_return_value}
=== *** SKIPPED test case 3 of 4 ***
=case          cache_server_SUITE:lookup_by_date
=logfile       cache_server_suite.lookup_by_date.html
=started       2020-12-03 10:47:40
=ended         2020-12-03 10:47:40
=result        auto_skipped: {testcase0_failed,bad_return_value}
=== *** SKIPPED test case 4 of 4 ***
=case          ct_framework:end_per_group
=logfile       ct_framework.end_per_group.html
=group_props   [{suite,cache_server_SUITE},{name,test},sequence]
=started       2020-12-03 10:47:40
=ended         2020-12-03 10:47:40
=result        ok
=elapsed       4.0e-5
=group_time    0.164s
=case          ct_framework:end_per_suite
=logfile       ct_framework.end_per_suite.html
=group_props   [{suite,cache_server_SUITE}]
=started       2020-12-03 10:47:40
=ended         2020-12-03 10:47:40
=result        ok
=elapsed       0.0
=group_time    0.226s
=== TEST COMPLETE, 0 ok, 0 failed, 4 skipped of 4 test cases

=finished      2020-12-03 10:47:40
=failed        0
=successful    0
=user_skipped  0
=auto_skipped  4
