=== Suite started at 2020-12-03 12:09:03
=== Starting test, 4 test cases
=cases         4
=user          ner
=host          ner-MS-7B86
=hosts         ner-MS-7B86 
=emulator_vsn  9.3.3.15
=emulator      beam
=otp_release   20
=started       2020-12-03 12:09:03
=case          ct_framework:init_per_suite
=logfile       ct_framework.init_per_suite.html
=group_props   [{suite,cache_server_SUITE}]
=started       2020-12-03 12:09:03
=ended         2020-12-03 12:09:03
=result        ok
=elapsed       0.0
=case          ct_framework:init_per_group
=logfile       ct_framework.init_per_group.html
=group_props   [{suite,cache_server_SUITE},{name,test},sequence]
=started       2020-12-03 12:09:03
=ended         2020-12-03 12:09:03
=result        ok
=elapsed       0.004051
=case          cache_server_SUITE:start
=logfile       cache_server_suite.start.html
=started       2020-12-03 12:09:03
=ended         2020-12-03 12:09:03
=result        ok
=elapsed       6.89e-4
=case          cache_server_SUITE:insert
=logfile       cache_server_suite.insert.html
=started       2020-12-03 12:09:03
=ended         2020-12-03 12:09:03
=result        ok
=elapsed       7.2e-5
=case          cache_server_SUITE:lookup
=logfile       cache_server_suite.lookup.html
=started       2020-12-03 12:09:03
=ended         2020-12-03 12:09:03
=result        ok
=elapsed       1.53e-4
=case          cache_server_SUITE:lookup_by_date
=logfile       cache_server_suite.lookup_by_date.html
=started       2020-12-03 12:09:03
=ended         2020-12-03 12:09:04
=result        ok
=elapsed       5.7e-5
=case          ct_framework:end_per_group
=logfile       ct_framework.end_per_group.html
=group_props   [{suite,cache_server_SUITE},{name,test},sequence]
=started       2020-12-03 12:09:04
=ended         2020-12-03 12:09:04
=result        ok
=elapsed       5.6e-5
=group_time    0.156s
=case          ct_framework:end_per_suite
=logfile       ct_framework.end_per_suite.html
=group_props   [{suite,cache_server_SUITE}]
=started       2020-12-03 12:09:04
=ended         2020-12-03 12:09:04
=result        ok
=elapsed       1.0e-6
=group_time    0.217s
=== TEST COMPLETE, 4 ok, 0 failed of 4 test cases

=finished      2020-12-03 12:09:04
=failed        0
=successful    4
=user_skipped  0
=auto_skipped  0
