=== Suite started at 2020-12-03 11:32:20
=== Starting test, 4 test cases
=cases         4
=user          ner
=host          ner-MS-7B86
=hosts         ner-MS-7B86 
=emulator_vsn  9.3.3.15
=emulator      beam
=otp_release   20
=started       2020-12-03 11:32:20
=case          ct_framework:init_per_suite
=logfile       ct_framework.init_per_suite.html
=group_props   [{suite,cache_server_SUITE}]
=started       2020-12-03 11:32:20
=ended         2020-12-03 11:32:20
=result        ok
=elapsed       0.0
=case          ct_framework:init_per_group
=logfile       ct_framework.init_per_group.html
=group_props   [{suite,cache_server_SUITE},{name,test},sequence]
=started       2020-12-03 11:32:20
=ended         2020-12-03 11:32:20
=result        ok
=elapsed       0.003791
=case          cache_server_SUITE:start
=logfile       cache_server_suite.start.html
=started       2020-12-03 11:32:20
=ended         2020-12-03 11:32:20
=result        ok
=elapsed       0.001172
=case          cache_server_SUITE:insert
=logfile       cache_server_suite.insert.html
=started       2020-12-03 11:32:20
=ended         2020-12-03 11:32:20
=result        ok
=elapsed       0.0001
=case          cache_server_SUITE:lookup
=logfile       cache_server_suite.lookup.html
=started       2020-12-03 11:32:20
=ended         2020-12-03 11:32:20
=result        ok
=elapsed       9.5e-5
=case          cache_server_SUITE:lookup_by_date
=logfile       cache_server_suite.lookup_by_date.html
=started       2020-12-03 11:32:20
=ended         2020-12-03 11:32:20
=result        ok
=elapsed       1.08e-4
=case          ct_framework:end_per_group
=logfile       ct_framework.end_per_group.html
=group_props   [{suite,cache_server_SUITE},{name,test},sequence]
=started       2020-12-03 11:32:20
=ended         2020-12-03 11:32:20
=result        ok
=elapsed       7.3e-5
=group_time    0.158s
=case          ct_framework:end_per_suite
=logfile       ct_framework.end_per_suite.html
=group_props   [{suite,cache_server_SUITE}]
=started       2020-12-03 11:32:20
=ended         2020-12-03 11:32:21
=result        ok
=elapsed       1.0e-6
=group_time    0.219s
=== TEST COMPLETE, 4 ok, 0 failed of 4 test cases

=finished      2020-12-03 11:32:21
=failed        0
=successful    4
=user_skipped  0
=auto_skipped  0
