=== Suite started at 2020-12-03 11:18:58
=== Starting test, 4 test cases
=cases         4
=user          ner
=host          ner-MS-7B86
=hosts         ner-MS-7B86 
=emulator_vsn  9.3.3.15
=emulator      beam
=otp_release   20
=started       2020-12-03 11:18:58
=case          ct_framework:init_per_suite
=logfile       ct_framework.init_per_suite.html
=group_props   [{suite,cache_server_SUITE}]
=started       2020-12-03 11:18:58
=ended         2020-12-03 11:18:58
=result        ok
=elapsed       0.0
=case          ct_framework:init_per_group
=logfile       ct_framework.init_per_group.html
=group_props   [{suite,cache_server_SUITE},{name,test},sequence]
=started       2020-12-03 11:18:58
=ended         2020-12-03 11:18:58
=result        ok
=elapsed       0.003458
=case          cache_server_SUITE:start
=logfile       cache_server_suite.start.html
=started       2020-12-03 11:18:58
=ended         2020-12-03 11:18:58
=result        ok
=elapsed       9.45e-4
=case          cache_server_SUITE:insert
=logfile       cache_server_suite.insert.html
=started       2020-12-03 11:18:58
=ended         2020-12-03 11:18:58
=result        ok
=elapsed       5.4e-5
=case          cache_server_SUITE:lookup
=logfile       cache_server_suite.lookup.html
=started       2020-12-03 11:18:58
=ended         2020-12-03 11:18:58
=result        failed: {{badmatch,{ok,value2}},
                        [{cache_server_SUITE,lookup,1,
                             [{file,"test/cache_server_SUITE.erl"},{line,34}]},
                         {test_server,ts_tc,3,
                             [{file,"test_server.erl"},{line,1755}]},
                         {test_server,run_test_case_eval1,6,
                             [{file,"test_server.erl"},{line,1262}]},
                         {test_server,run_test_case_eval,9,
                             [{file,"test_server.erl"},{line,1194}]}]}, [{cache_server_SUITE,
                                                                          lookup,
                                                                          34},
                                                                         {test_server,
                                                                          ts_tc,
                                                                          1755},
                                                                         {test_server,
                                                                          run_test_case_eval1,
                                                                          1262},
                                                                         {test_server,
                                                                          run_test_case_eval,
                                                                          1194}]
=== *** FAILED test case 3 of 4 ***
=== 
=case          cache_server_SUITE:lookup_by_date
=group_props   [{name,"test"}]
=started       2020-12-03 11:18:58
=result        auto_skipped: {failed,{cache_server_SUITE,lookup}}
=== *** Skipping test case #4 {cache_server_SUITE,lookup_by_date} ***
=case          ct_framework:end_per_group
=logfile       ct_framework.end_per_group.html
=group_props   [{suite,cache_server_SUITE},{name,test},sequence]
=started       2020-12-03 11:18:58
=ended         2020-12-03 11:18:58
=result        ok
=elapsed       9.3e-5
=group_time    0.139s
=case          ct_framework:end_per_suite
=logfile       ct_framework.end_per_suite.html
=group_props   [{suite,cache_server_SUITE}]
=started       2020-12-03 11:18:58
=ended         2020-12-03 11:18:58
=result        ok
=elapsed       1.0e-6
=group_time    0.200s
=== TEST COMPLETE, 2 ok, 1 failed, 1 skipped of 4 test cases

=finished      2020-12-03 11:18:58
=failed        1
=successful    2
=user_skipped  0
=auto_skipped  1
