=== Suite started at 2020-12-03 10:56:57
=== Starting test, 4 test cases
=cases         4
=user          ner
=host          ner-MS-7B86
=hosts         ner-MS-7B86 
=emulator_vsn  9.3.3.15
=emulator      beam
=otp_release   20
=started       2020-12-03 10:56:57
=case          ct_framework:init_per_suite
=logfile       ct_framework.init_per_suite.html
=group_props   [{suite,cache_server_SUITE}]
=started       2020-12-03 10:56:57
=ended         2020-12-03 10:56:58
=result        ok
=elapsed       0.0
=case          ct_framework:init_per_group
=logfile       ct_framework.init_per_group.html
=group_props   [{suite,cache_server_SUITE},{name,test},sequence]
=started       2020-12-03 10:56:58
=ended         2020-12-03 10:56:58
=result        ok
=elapsed       0.003952
=case          cache_server_SUITE:start
=logfile       cache_server_suite.start.html
=started       2020-12-03 10:56:58
=== Error! ct_framework:init_tc(cache_server_SUITE,{init_per_testcase,start},...) failed!
    Reason: {badarg,{ets,new,[test,[set,public,named_table,{keypos,2}]],[]}}

=ended         2020-12-03 10:56:58
=result        auto_skipped: {failed,
                              {ct_framework,init_tc,
                               {badarg,
                                {ets,new,
                                 [test,[set,public,named_table,{keypos,2}]],
                                 []}}}}
=== *** SKIPPED test case 1 of 4 ***
=== 
=case          cache_server_SUITE:insert
=group_props   [{name,"test"}]
=started       2020-12-03 10:56:58
=result        auto_skipped: {failed,{cache_server_SUITE,start}}
=== *** Skipping test case #2 {cache_server_SUITE,insert} ***
=== 
=case          cache_server_SUITE:lookup
=group_props   [{name,"test"}]
=started       2020-12-03 10:56:58
=result        auto_skipped: {failed,{cache_server_SUITE,start}}
=== *** Skipping test case #3 {cache_server_SUITE,lookup} ***
=== 
=case          cache_server_SUITE:lookup_by_date
=group_props   [{name,"test"}]
=started       2020-12-03 10:56:58
=result        auto_skipped: {failed,{cache_server_SUITE,start}}
=== *** Skipping test case #4 {cache_server_SUITE,lookup_by_date} ***
=case          ct_framework:end_per_group
=logfile       ct_framework.end_per_group.html
=group_props   [{suite,cache_server_SUITE},{name,test},sequence]
=started       2020-12-03 10:56:58
=ended         2020-12-03 10:56:58
=result        ok
=elapsed       5.9e-5
=group_time    0.067s
=case          ct_framework:end_per_suite
=logfile       ct_framework.end_per_suite.html
=group_props   [{suite,cache_server_SUITE}]
=started       2020-12-03 10:56:58
=ended         2020-12-03 10:56:58
=result        ok
=elapsed       1.0e-6
=group_time    0.126s
=== TEST COMPLETE, 0 ok, 0 failed, 4 skipped of 4 test cases

=finished      2020-12-03 10:56:58
=failed        0
=successful    0
=user_skipped  0
=auto_skipped  4
